<?xml version="1.0" encoding="UTF-8"?>
<testng-results skipped="0" failed="0" total="1" passed="1">
  <reporter-output>
  </reporter-output>
  <suite name="Default suite" duration-ms="73483" started-at="2022-01-24T17:40:50Z" finished-at="2022-01-24T17:42:03Z">
    <groups>
    </groups>
    <test name="Default test" duration-ms="73483" started-at="2022-01-24T17:40:50Z" finished-at="2022-01-24T17:42:03Z">
      <class name="planittesting.TestCase3">
        <test-method status="PASS" signature="setUptest()[pri:0, instance:planittesting.TestCase3@668bc3d5]" name="setUptest" is-config="true" duration-ms="3353" started-at="2022-01-25T04:40:50Z" finished-at="2022-01-25T04:40:53Z">
          <reporter-output>
          </reporter-output>
        </test-method> <!-- setUptest -->
        <test-method status="PASS" signature="Shopping()[pri:0, instance:planittesting.TestCase3@668bc3d5]" name="Shopping" duration-ms="69399" started-at="2022-01-25T04:40:53Z" finished-at="2022-01-25T04:42:03Z">
          <reporter-output>
          </reporter-output>
        </test-method> <!-- Shopping -->
        <test-method status="PASS" signature="afterTest()[pri:0, instance:planittesting.TestCase3@668bc3d5]" name="afterTest" is-config="true" duration-ms="708" started-at="2022-01-25T04:42:03Z" finished-at="2022-01-25T04:42:03Z">
          <reporter-output>
          </reporter-output>
        </test-method> <!-- afterTest -->
      </class> <!-- planittesting.TestCase3 -->
    </test> <!-- Default test -->
  </suite> <!-- Default suite -->
</testng-results>
